Determining if the Q_WS_WIN exist failed with the following output:
Change Dir: /home/stefan/Documents/EVOSIM_for_students/build/CMakeFiles/CMakeTmp

Run Build Command:/usr/bin/make "cmTryCompileExec2778329495/fast"
/usr/bin/make -f CMakeFiles/cmTryCompileExec2778329495.dir/build.make CMakeFiles/cmTryCompileExec2778329495.dir/build
make[1]: Entering directory `/home/stefan/Documents/EVOSIM_for_students/build/CMakeFiles/CMakeTmp'
/usr/bin/cmake -E cmake_progress_report /home/stefan/Documents/EVOSIM_for_students/build/CMakeFiles/CMakeTmp/CMakeFiles 1
Building CXX object CMakeFiles/cmTryCompileExec2778329495.dir/CheckSymbolExists.cxx.o
/usr/bin/c++    -I/usr/include/qt4    -o CMakeFiles/cmTryCompileExec2778329495.dir/CheckSymbolExists.cxx.o -c /home/stefan/Documents/EVOSIM_for_students/build/CMakeFiles/CMakeTmp/CheckSymbolExists.cxx
/home/stefan/Documents/EVOSIM_for_students/build/CMakeFiles/CMakeTmp/CheckSymbolExists.cxx: In function ‘int main(int, char**)’:
/home/stefan/Documents/EVOSIM_for_students/build/CMakeFiles/CMakeTmp/CheckSymbolExists.cxx:8:19: error: ‘Q_WS_WIN’ was not declared in this scope
   return ((int*)(&Q_WS_WIN))[argc];
                   ^
make[1]: *** [CMakeFiles/cmTryCompileExec2778329495.dir/CheckSymbolExists.cxx.o] Error 1
make[1]: Leaving directory `/home/stefan/Documents/EVOSIM_for_students/build/CMakeFiles/CMakeTmp'
make: *** [cmTryCompileExec2778329495/fast] Error 2

File /home/stefan/Documents/EVOSIM_for_students/build/CMakeFiles/CMakeTmp/CheckSymbolExists.cxx:
/* */
#include <QtCore/qglobal.h>

int main(int argc, char** argv)
{
  (void)argv;
#ifndef Q_WS_WIN
  return ((int*)(&Q_WS_WIN))[argc];
#else
  (void)argc;
  return 0;
#endif
}

Determining if the Q_WS_QWS exist failed with the following output:
Change Dir: /home/stefan/Documents/EVOSIM_for_students/build/CMakeFiles/CMakeTmp

Run Build Command:/usr/bin/make "cmTryCompileExec2386807510/fast"
/usr/bin/make -f CMakeFiles/cmTryCompileExec2386807510.dir/build.make CMakeFiles/cmTryCompileExec2386807510.dir/build
make[1]: Entering directory `/home/stefan/Documents/EVOSIM_for_students/build/CMakeFiles/CMakeTmp'
/usr/bin/cmake -E cmake_progress_report /home/stefan/Documents/EVOSIM_for_students/build/CMakeFiles/CMakeTmp/CMakeFiles 1
Building CXX object CMakeFiles/cmTryCompileExec2386807510.dir/CheckSymbolExists.cxx.o
/usr/bin/c++    -I/usr/include/qt4    -o CMakeFiles/cmTryCompileExec2386807510.dir/CheckSymbolExists.cxx.o -c /home/stefan/Documents/EVOSIM_for_students/build/CMakeFiles/CMakeTmp/CheckSymbolExists.cxx
/home/stefan/Documents/EVOSIM_for_students/build/CMakeFiles/CMakeTmp/CheckSymbolExists.cxx: In function ‘int main(int, char**)’:
/home/stefan/Documents/EVOSIM_for_students/build/CMakeFiles/CMakeTmp/CheckSymbolExists.cxx:8:19: error: ‘Q_WS_QWS’ was not declared in this scope
   return ((int*)(&Q_WS_QWS))[argc];
                   ^
make[1]: *** [CMakeFiles/cmTryCompileExec2386807510.dir/CheckSymbolExists.cxx.o] Error 1
make[1]: Leaving directory `/home/stefan/Documents/EVOSIM_for_students/build/CMakeFiles/CMakeTmp'
make: *** [cmTryCompileExec2386807510/fast] Error 2

File /home/stefan/Documents/EVOSIM_for_students/build/CMakeFiles/CMakeTmp/CheckSymbolExists.cxx:
/* */
#include <QtCore/qglobal.h>

int main(int argc, char** argv)
{
  (void)argv;
#ifndef Q_WS_QWS
  return ((int*)(&Q_WS_QWS))[argc];
#else
  (void)argc;
  return 0;
#endif
}

Determining if the Q_WS_MAC exist failed with the following output:
Change Dir: /home/stefan/Documents/EVOSIM_for_students/build/CMakeFiles/CMakeTmp

Run Build Command:/usr/bin/make "cmTryCompileExec552350211/fast"
/usr/bin/make -f CMakeFiles/cmTryCompileExec552350211.dir/build.make CMakeFiles/cmTryCompileExec552350211.dir/build
make[1]: Entering directory `/home/stefan/Documents/EVOSIM_for_students/build/CMakeFiles/CMakeTmp'
/usr/bin/cmake -E cmake_progress_report /home/stefan/Documents/EVOSIM_for_students/build/CMakeFiles/CMakeTmp/CMakeFiles 1
Building CXX object CMakeFiles/cmTryCompileExec552350211.dir/CheckSymbolExists.cxx.o
/usr/bin/c++    -I/usr/include/qt4    -o CMakeFiles/cmTryCompileExec552350211.dir/CheckSymbolExists.cxx.o -c /home/stefan/Documents/EVOSIM_for_students/build/CMakeFiles/CMakeTmp/CheckSymbolExists.cxx
/home/stefan/Documents/EVOSIM_for_students/build/CMakeFiles/CMakeTmp/CheckSymbolExists.cxx: In function ‘int main(int, char**)’:
/home/stefan/Documents/EVOSIM_for_students/build/CMakeFiles/CMakeTmp/CheckSymbolExists.cxx:8:19: error: ‘Q_WS_MAC’ was not declared in this scope
   return ((int*)(&Q_WS_MAC))[argc];
                   ^
make[1]: *** [CMakeFiles/cmTryCompileExec552350211.dir/CheckSymbolExists.cxx.o] Error 1
make[1]: Leaving directory `/home/stefan/Documents/EVOSIM_for_students/build/CMakeFiles/CMakeTmp'
make: *** [cmTryCompileExec552350211/fast] Error 2

File /home/stefan/Documents/EVOSIM_for_students/build/CMakeFiles/CMakeTmp/CheckSymbolExists.cxx:
/* */
#include <QtCore/qglobal.h>

int main(int argc, char** argv)
{
  (void)argv;
#ifndef Q_WS_MAC
  return ((int*)(&Q_WS_MAC))[argc];
#else
  (void)argc;
  return 0;
#endif
}

Determining if the Q_WS_WIN exist failed with the following output:
Change Dir: /home/stefan/ClionProjects/Master_Project/build/CMakeFiles/CMakeTmp

Run Build Command:/usr/bin/make "cmTryCompileExec1325356368/fast"
/usr/bin/make -f CMakeFiles/cmTryCompileExec1325356368.dir/build.make CMakeFiles/cmTryCompileExec1325356368.dir/build
make[1]: Entering directory `/home/stefan/ClionProjects/Master_Project/build/CMakeFiles/CMakeTmp'
/usr/bin/cmake -E cmake_progress_report /home/stefan/ClionProjects/Master_Project/build/CMakeFiles/CMakeTmp/CMakeFiles 1
Building CXX object CMakeFiles/cmTryCompileExec1325356368.dir/CheckSymbolExists.cxx.o
/usr/bin/c++    -I/usr/include/qt4    -o CMakeFiles/cmTryCompileExec1325356368.dir/CheckSymbolExists.cxx.o -c /home/stefan/ClionProjects/Master_Project/build/CMakeFiles/CMakeTmp/CheckSymbolExists.cxx
/home/stefan/ClionProjects/Master_Project/build/CMakeFiles/CMakeTmp/CheckSymbolExists.cxx: In function ‘int main(int, char**)’:
/home/stefan/ClionProjects/Master_Project/build/CMakeFiles/CMakeTmp/CheckSymbolExists.cxx:8:19: error: ‘Q_WS_WIN’ was not declared in this scope
   return ((int*)(&Q_WS_WIN))[argc];
                   ^
make[1]: *** [CMakeFiles/cmTryCompileExec1325356368.dir/CheckSymbolExists.cxx.o] Error 1
make[1]: Leaving directory `/home/stefan/ClionProjects/Master_Project/build/CMakeFiles/CMakeTmp'
make: *** [cmTryCompileExec1325356368/fast] Error 2

File /home/stefan/ClionProjects/Master_Project/build/CMakeFiles/CMakeTmp/CheckSymbolExists.cxx:
/* */
#include <QtCore/qglobal.h>

int main(int argc, char** argv)
{
  (void)argv;
#ifndef Q_WS_WIN
  return ((int*)(&Q_WS_WIN))[argc];
#else
  (void)argc;
  return 0;
#endif
}

Determining if the Q_WS_QWS exist failed with the following output:
Change Dir: /home/stefan/ClionProjects/Master_Project/build/CMakeFiles/CMakeTmp

Run Build Command:/usr/bin/make "cmTryCompileExec2944217751/fast"
/usr/bin/make -f CMakeFiles/cmTryCompileExec2944217751.dir/build.make CMakeFiles/cmTryCompileExec2944217751.dir/build
make[1]: Entering directory `/home/stefan/ClionProjects/Master_Project/build/CMakeFiles/CMakeTmp'
/usr/bin/cmake -E cmake_progress_report /home/stefan/ClionProjects/Master_Project/build/CMakeFiles/CMakeTmp/CMakeFiles 1
Building CXX object CMakeFiles/cmTryCompileExec2944217751.dir/CheckSymbolExists.cxx.o
/usr/bin/c++    -I/usr/include/qt4    -o CMakeFiles/cmTryCompileExec2944217751.dir/CheckSymbolExists.cxx.o -c /home/stefan/ClionProjects/Master_Project/build/CMakeFiles/CMakeTmp/CheckSymbolExists.cxx
/home/stefan/ClionProjects/Master_Project/build/CMakeFiles/CMakeTmp/CheckSymbolExists.cxx: In function ‘int main(int, char**)’:
/home/stefan/ClionProjects/Master_Project/build/CMakeFiles/CMakeTmp/CheckSymbolExists.cxx:8:19: error: ‘Q_WS_QWS’ was not declared in this scope
   return ((int*)(&Q_WS_QWS))[argc];
                   ^
make[1]: *** [CMakeFiles/cmTryCompileExec2944217751.dir/CheckSymbolExists.cxx.o] Error 1
make[1]: Leaving directory `/home/stefan/ClionProjects/Master_Project/build/CMakeFiles/CMakeTmp'
make: *** [cmTryCompileExec2944217751/fast] Error 2

File /home/stefan/ClionProjects/Master_Project/build/CMakeFiles/CMakeTmp/CheckSymbolExists.cxx:
/* */
#include <QtCore/qglobal.h>

int main(int argc, char** argv)
{
  (void)argv;
#ifndef Q_WS_QWS
  return ((int*)(&Q_WS_QWS))[argc];
#else
  (void)argc;
  return 0;
#endif
}

Determining if the Q_WS_MAC exist failed with the following output:
Change Dir: /home/stefan/ClionProjects/Master_Project/build/CMakeFiles/CMakeTmp

Run Build Command:/usr/bin/make "cmTryCompileExec1679882224/fast"
/usr/bin/make -f CMakeFiles/cmTryCompileExec1679882224.dir/build.make CMakeFiles/cmTryCompileExec1679882224.dir/build
make[1]: Entering directory `/home/stefan/ClionProjects/Master_Project/build/CMakeFiles/CMakeTmp'
/usr/bin/cmake -E cmake_progress_report /home/stefan/ClionProjects/Master_Project/build/CMakeFiles/CMakeTmp/CMakeFiles 1
Building CXX object CMakeFiles/cmTryCompileExec1679882224.dir/CheckSymbolExists.cxx.o
/usr/bin/c++    -I/usr/include/qt4    -o CMakeFiles/cmTryCompileExec1679882224.dir/CheckSymbolExists.cxx.o -c /home/stefan/ClionProjects/Master_Project/build/CMakeFiles/CMakeTmp/CheckSymbolExists.cxx
/home/stefan/ClionProjects/Master_Project/build/CMakeFiles/CMakeTmp/CheckSymbolExists.cxx: In function ‘int main(int, char**)’:
/home/stefan/ClionProjects/Master_Project/build/CMakeFiles/CMakeTmp/CheckSymbolExists.cxx:8:19: error: ‘Q_WS_MAC’ was not declared in this scope
   return ((int*)(&Q_WS_MAC))[argc];
                   ^
make[1]: *** [CMakeFiles/cmTryCompileExec1679882224.dir/CheckSymbolExists.cxx.o] Error 1
make[1]: Leaving directory `/home/stefan/ClionProjects/Master_Project/build/CMakeFiles/CMakeTmp'
make: *** [cmTryCompileExec1679882224/fast] Error 2

File /home/stefan/ClionProjects/Master_Project/build/CMakeFiles/CMakeTmp/CheckSymbolExists.cxx:
/* */
#include <QtCore/qglobal.h>

int main(int argc, char** argv)
{
  (void)argv;
#ifndef Q_WS_MAC
  return ((int*)(&Q_WS_MAC))[argc];
#else
  (void)argc;
  return 0;
#endif
}

